Flutter crash report.
Please report a bug at https://github.com/flutter/flutter/issues.

## command

flutter run --machine --start-paused -d emulator-5554 --dart-define=flutter.inspector.structuredErrors=true --web-allow-expose-url --target lib/main.dart

## exception

ClientException: Connection closed while receiving data

```
#0      IOClient.send.<anonymous closure> (package:http/src/io_client.dart:49:13)
#1      _invokeErrorHandler (dart:async/async_error.dart:45:24)
#2      _HandleErrorStream._handleError (dart:async/stream_pipe.dart:272:9)
#3      _ForwardingStreamSubscription._handleError (dart:async/stream_pipe.dart:157:13)
#4      _HttpClientResponse.listen.<anonymous closure> (dart:_http/http_impl.dart:712:16)
#5      _rootRunBinary (dart:async/zone.dart:1378:47)
#6      _CustomZone.runBinary (dart:async/zone.dart:1272:19)
#7      _CustomZone.runBinaryGuarded (dart:async/zone.dart:1178:7)
#8      _BufferingStreamSubscription._sendError.sendError (dart:async/stream_impl.dart:360:15)
#9      _BufferingStreamSubscription._sendError (dart:async/stream_impl.dart:378:16)
#10     _BufferingStreamSubscription._addError (dart:async/stream_impl.dart:280:7)
#11     _ForwardingStreamSubscription._addError (dart:async/stream_pipe.dart:128:11)
#12     _addErrorWithReplacement (dart:async/stream_pipe.dart:176:8)
#13     _HandleErrorStream._handleError (dart:async/stream_pipe.dart:277:11)
#14     _ForwardingStreamSubscription._handleError (dart:async/stream_pipe.dart:157:13)
#15     _rootRunBinary (dart:async/zone.dart:1378:47)
#16     _CustomZone.runBinary (dart:async/zone.dart:1272:19)
#17     _CustomZone.runBinaryGuarded (dart:async/zone.dart:1178:7)
#18     _BufferingStreamSubscription._sendError.sendError (dart:async/stream_impl.dart:360:15)
#19     _BufferingStreamSubscription._sendError (dart:async/stream_impl.dart:378:16)
#20     _BufferingStreamSubscription._addError (dart:async/stream_impl.dart:280:7)
#21     _SyncStreamControllerDispatch._sendError (dart:async/stream_controller.dart:737:19)
#22     _StreamController._addError (dart:async/stream_controller.dart:615:7)
#23     _StreamController.addError (dart:async/stream_controller.dart:569:5)
#24     _HttpParser._reportBodyError (dart:_http/http_parser.dart:1183:22)
#25     _HttpParser._onDone (dart:_http/http_parser.dart:890:9)
#26     _rootRun (dart:async/zone.dart:1346:47)
#27     _CustomZone.run (dart:async/zone.dart:1258:19)
#28     _CustomZone.runGuarded (dart:async/zone.dart:1162:7)
#29     _BufferingStreamSubscription._sendDone.sendDone (dart:async/stream_impl.dart:394:13)
#30     _BufferingStreamSubscription._sendDone (dart:async/stream_impl.dart:404:15)
#31     _BufferingStreamSubscription._close (dart:async/stream_impl.dart:291:7)
#32     _SyncStreamControllerDispatch._sendDone (dart:async/stream_controller.dart:741:19)
#33     _StreamController._closeUnchecked (dart:async/stream_controller.dart:596:7)
#34     _StreamController.close (dart:async/stream_controller.dart:589:5)
#35     _Socket._onData (dart:io-patch/socket_patch.dart:2167:21)
#36     _rootRunUnary (dart:async/zone.dart:1370:13)
#37     _CustomZone.runUnary (dart:async/zone.dart:1265:19)
#38     _CustomZone.runUnaryGuarded (dart:async/zone.dart:1170:7)
#39     _BufferingStreamSubscription._sendData (dart:async/stream_impl.dart:341:11)
#40     _BufferingStreamSubscription._add (dart:async/stream_impl.dart:271:7)
#41     _SyncStreamControllerDispatch._sendData (dart:async/stream_controller.dart:733:19)
#42     _StreamController._add (dart:async/stream_controller.dart:607:7)
#43     _StreamController.add (dart:async/stream_controller.dart:554:5)
#44     new _RawSocket.<anonymous closure> (dart:io-patch/socket_patch.dart:1703:35)
#45     _NativeSocket.issueReadEvent.issue (dart:io-patch/socket_patch.dart:1201:18)
#46     _microtaskLoop (dart:async/schedule_microtask.dart:40:21)
#47     _startMicrotaskLoop (dart:async/schedule_microtask.dart:49:5)
#48     _runPendingImmediateCallback (dart:isolate-patch/isolate_patch.dart:120:13)
#49     _RawReceivePortImpl._handleMessage (dart:isolate-patch/isolate_patch.dart:185:5)
```

## flutter doctor

```
[✓] Flutter (Channel stable, 2.2.1, on Linux, locale fr_FR.UTF-8)
    • Flutter version 2.2.1 at /home/medard/snap/flutter/common/flutter
    • Framework revision 02c026b03c (il y a 7 mois), 2021-05-27 12:24:44 -0700
    • Engine revision 0fdb562ac8
    • Dart version 2.13.1

[✓] Android toolchain - develop for Android devices (Android SDK version 31.0.0)
    • Android SDK at /home/medard/Android/Sdk
    • Platform android-31, build-tools 31.0.0
    • Java binary at: /snap/android-studio/115/android-studio/jre/bin/java
    • Java version OpenJDK Runtime Environment (build 11.0.10+0-b96-7249189)
    • All Android licenses accepted.

[✓] Chrome - develop for the web
    • Chrome at google-chrome

[✓] Android Studio (version 2020.3)
    • Android Studio at /snap/android-studio/115/android-studio
    • Flutter plugin version 60.1.2
    • Dart plugin version 203.8292
    • Java version OpenJDK Runtime Environment (build 11.0.10+0-b96-7249189)

[✓] VS Code (version 1.62.3)
    • VS Code at /usr/share/code
    • Flutter extension version 3.29.0

[✓] Connected device (2 available)
    • Android SDK built for x86 (mobile) • emulator-5554 • android-x86    • Android 5.1.1 (API 22) (emulator)
    • Chrome (web)                       • chrome        • web-javascript • Google Chrome 96.0.4664.45

• No issues found!
```
